<?xml version="1.0" encoding="UTF-8"?>
<!-- Generated by org.testng.reporters.JUnitReportReporter -->
<testsuite skipped="0" hostname="WELCOME" name="database.database1NewTest" tests="1" failures="0" timestamp="2020-02-20T11:10:45 IST" time="1.888" errors="0">
  <testcase name="f" time="1.888" classname="database.database1NewTest"/>
</testsuite> <!-- database.database1NewTest -->
