<?xml version="1.0" encoding="UTF-8"?>
<!-- Generated by org.testng.reporters.JUnitReportReporter -->
<testsuite skipped="1" hostname="WELCOME" name="testngnew.SampleTest" tests="2" failures="0" timestamp="2019-12-01T18:03:17 IST" time="0.015" errors="0">
  <testcase name="f" time="0.015" classname="testngnew.SampleTest"/>
  <testcase name="newtest" classname="testngnew.SampleTest">
    <skipped/>
  </testcase> <!-- newtest -->
</testsuite> <!-- testngnew.SampleTest -->
