<?xml version="1.0" encoding="UTF-8"?>
<!-- Generated by org.testng.reporters.JUnitReportReporter -->
<testsuite skipped="0" hostname="WELCOME" name="tax1099.tax1099Test" tests="1" failures="0" timestamp="2020-02-18T23:36:34 IST" time="8.268" errors="0">
  <testcase name="f" time="8.268" classname="tax1099.tax1099Test"/>
</testsuite> <!-- tax1099.tax1099Test -->
