<?xml version="1.0" encoding="UTF-8"?>
<!-- Generated by org.testng.reporters.JUnitReportReporter -->
<testsuite skipped="0" hostname="WELCOME" name="testngnew.fileuploadNewTest" tests="1" failures="0" timestamp="2020-01-02T23:21:35 IST" time="31.402" errors="0">
  <testcase name="beforeTest" time="31.402" classname="testngnew.fileuploadNewTest"/>
</testsuite> <!-- testngnew.fileuploadNewTest -->
