<?xml version="1.0" encoding="UTF-8"?>
<!-- Generated by org.testng.reporters.JUnitReportReporter -->
<testsuite skipped="0" hostname="WELCOME" name="NewTest" tests="1" failures="0" timestamp="2019-12-16T20:13:44 IST" time="1.048" errors="0">
  <testcase name="f" time="1.048" classname="NewTest"/>
</testsuite> <!-- NewTest -->
