<?xml version="1.0" encoding="UTF-8"?>
<!-- Generated by org.testng.reporters.JUnitReportReporter -->
<testsuite skipped="0" hostname="WELCOME" name="easy2099.Addnew_businessTest" tests="1" failures="0" timestamp="2020-01-30T19:07:13 IST" time="79.984" errors="0">
  <testcase name="browsersetup" time="79.984" classname="easy2099.Addnew_businessTest"/>
</testsuite> <!-- easy2099.Addnew_businessTest -->
