<?xml version="1.0" encoding="UTF-8"?>
<!-- Generated by org.testng.reporters.JUnitReportReporter -->
<testsuite skipped="0" hostname="WELCOME" name="testngnew.TestngprioritiTest" tests="2" failures="0" timestamp="2019-12-03T23:08:56 IST" time="0.000" errors="0">
  <testcase name="newtest" time="0.000" classname="testngnew.TestngprioritiTest"/>
  <testcase name="f" time="0.000" classname="testngnew.TestngprioritiTest"/>
</testsuite> <!-- testngnew.TestngprioritiTest -->
