<?xml version="1.0" encoding="UTF-8"?>
<!-- Generated by org.testng.reporters.JUnitReportReporter -->
<testsuite skipped="0" hostname="WELCOME" name="testNG.NewTest" tests="1" failures="0" timestamp="2020-02-20T10:54:58 IST" time="1.625" errors="0">
  <testcase name="f" time="1.625" classname="testNG.NewTest"/>
</testsuite> <!-- testNG.NewTest -->
