<?xml version="1.0" encoding="UTF-8"?>
<!-- Generated by org.testng.reporters.JUnitReportReporter -->
<testsuite skipped="0" hostname="WELCOME" name="testngnew.actcorpNewTest" tests="1" failures="0" timestamp="2020-01-03T00:03:45 IST" time="35.684" errors="0">
  <testcase name="f" time="35.684" classname="testngnew.actcorpNewTest"/>
</testsuite> <!-- testngnew.actcorpNewTest -->
