<?xml version="1.0" encoding="UTF-8"?>
<!-- Generated by org.testng.reporters.JUnitReportReporter -->
<testsuite skipped="0" hostname="WELCOME" name="testngnew.orangehrm" tests="1" failures="0" timestamp="2019-12-27T17:36:57 IST" time="39.985" errors="0">
  <testcase name="f" time="39.985" classname="testngnew.orangehrm"/>
</testsuite> <!-- testngnew.orangehrm -->
