<?xml version="1.0" encoding="UTF-8"?>
<!-- Generated by org.testng.reporters.JUnitReportReporter -->
<testsuite skipped="0" hostname="WELCOME" name="testngnew.NewTest" tests="1" failures="0" timestamp="2019-12-03T18:38:19 IST" time="49.148" errors="0">
  <testcase name="login" time="49.148" classname="testngnew.NewTest"/>
</testsuite> <!-- testngnew.NewTest -->
