<?xml version="1.0" encoding="UTF-8"?>
<!-- Generated by org.testng.reporters.JUnitReportReporter -->
<testsuite skipped="0" hostname="WELCOME" name="testngnew.spicejetNewTest" tests="2" failures="0" timestamp="2019-12-05T12:43:02 IST" time="81.550" errors="0">
  <testcase name="spicejet" time="59.102" classname="testngnew.spicejetNewTest"/>
  <testcase name="newactions" time="22.448" classname="testngnew.spicejetNewTest"/>
</testsuite> <!-- testngnew.spicejetNewTest -->
