<?xml version="1.0" encoding="UTF-8"?>
<!-- Generated by org.testng.reporters.JUnitReportReporter -->
<testsuite skipped="0" hostname="WELCOME" name="testngnew.headlessTest" tests="1" failures="0" timestamp="2019-12-05T12:49:22 IST" time="25.548" errors="0">
  <testcase name="headless" time="25.548" classname="testngnew.headlessTest"/>
</testsuite> <!-- testngnew.headlessTest -->
