<?xml version="1.0" encoding="UTF-8"?>
<!-- Generated by org.testng.reporters.JUnitReportReporter -->
<testsuite skipped="0" hostname="WELCOME" name="testngnew.GroupingiTest" tests="2" failures="0" timestamp="2019-12-03T23:12:39 IST" time="0.031" errors="0">
  <testcase name="f4" time="0.000" classname="testngnew.GroupingiTest"/>
  <testcase name="f2" time="0.031" classname="testngnew.GroupingiTest"/>
</testsuite> <!-- testngnew.GroupingiTest -->
