<?xml version="1.0" encoding="UTF-8"?>
<!-- Generated by org.testng.reporters.JUnitReportReporter -->
<testsuite skipped="0" hostname="WELCOME" name="easy2099.logintest" tests="1" failures="0" timestamp="2020-01-30T18:47:18 IST" time="36.314" errors="0">
  <testcase name="browsersetup" time="36.314" classname="easy2099.logintest"/>
</testsuite> <!-- easy2099.logintest -->
