<?xml version="1.0" encoding="UTF-8"?>
<!-- Generated by org.testng.reporters.JUnitReportReporter -->
<testsuite skipped="0" hostname="WELCOME" name="testngnew.pdftodocTest" tests="2" failures="0" timestamp="2020-01-02T23:52:29 IST" time="18.316" errors="0">
  <testcase name="f1" time="13.591" classname="testngnew.pdftodocTest"/>
  <testcase name="f" time="4.725" classname="testngnew.pdftodocTest"/>
</testsuite> <!-- testngnew.pdftodocTest -->
